Arguments: 
  /Users/juspears/.nvm/versions/node/v12.22.1/bin/node /Users/juspears/.nvm/versions/node/v12.22.1/bin/yarn add xslx

PATH: 
  /Users/juspears/.nvm/versions/node/v12.22.1/bin:/Users/juspears/.amplify/bin:/usr/local/bin:/usr/bin:/bin:/usr/sbin:/sbin:/Users/juspears/shell

Yarn version: 
  1.22.10

Node version: 
  12.22.1

Platform: 
  darwin x64

Trace: 
  Error: https://registry.npmjs.org/xslx: Not found
      at Request.params.callback [as _callback] (/Users/juspears/.nvm/versions/node/v12.22.1/lib/node_modules/yarn/lib/cli.js:66988:18)
      at Request.self.callback (/Users/juspears/.nvm/versions/node/v12.22.1/lib/node_modules/yarn/lib/cli.js:140662:22)
      at Request.emit (events.js:314:20)
      at Request.<anonymous> (/Users/juspears/.nvm/versions/node/v12.22.1/lib/node_modules/yarn/lib/cli.js:141634:10)
      at Request.emit (events.js:314:20)
      at IncomingMessage.<anonymous> (/Users/juspears/.nvm/versions/node/v12.22.1/lib/node_modules/yarn/lib/cli.js:141556:12)
      at Object.onceWrapper (events.js:420:28)
      at IncomingMessage.emit (events.js:326:22)
      at endReadableNT (_stream_readable.js:1241:12)
      at processTicksAndRejections (internal/process/task_queues.js:84:21)

npm manifest: 
  {
    "name": "cgfs_scripts",
    "version": "1.0.0",
    "description": "Scripts for managing stuff for CGFS",
    "main": "src/index.js",
    "author": "Justin Spears<speajus@gmail.com>",
    "license": "MIT"
  }

yarn manifest: 
  No manifest

Lockfile: 
  No lockfile
